<?xml version="1.0" encoding="UTF-8"?>
<!-- Generated by org.testng.reporters.JUnitReportReporter -->
<testsuite skipped="0" hostname="DESKTOP-RFGG51U" name="testcase.CreateNewIncident" tests="1" failures="0" timestamp="2023-03-02T15:05:41 IST" time="67.716" errors="0">
  <testcase name="createIncident" time="67.716" classname="testcase.CreateNewIncident"/>
  <system-out/>
</testsuite> <!-- testcase.CreateNewIncident -->
