<?xml version="1.0" encoding="UTF-8"?>
<!-- Generated by org.testng.reporters.JUnitReportReporter -->
<testsuite skipped="0" hostname="DESKTOP-RFGG51U" name="pages.LoginPage" tests="1" failures="0" timestamp="2023-03-01T12:29:33 IST" time="33.948" errors="0">
  <testcase name="loginPage" time="33.948" classname="pages.LoginPage"/>
  <system-out/>
</testsuite> <!-- pages.LoginPage -->
