<?xml version="1.0" encoding="UTF-8"?>
<!-- Generated by org.testng.reporters.JUnitReportReporter -->
<testsuite skipped="0" hostname="DESKTOP-RFGG51U" name="util.ReadExcel" tests="1" failures="0" timestamp="2023-03-01T11:53:23 IST" time="1.909" errors="0">
  <testcase name="read" time="1.909" classname="util.ReadExcel"/>
  <system-out/>
</testsuite> <!-- util.ReadExcel -->
